#
# An unexpected error has been detected by Java Runtime Environment:
#
#  EXCEPTION_ACCESS_VIOLATION (0xc0000005) at pc=0x00000000794a7200, pid=7120, tid=7052
#
# Java VM: Java HotSpot(TM) 64-Bit Server VM (11.2-b01 mixed mode windows-amd64)
# Problematic frame:
# C  [hg.dll+0x3c7200]
#
# If you would like to submit a bug report, please visit:
#   http://java.sun.com/webapps/bugreport/crash.jsp
# The crash happened outside the Java Virtual Machine in native code.
# See problematic frame for where to report the bug.
#

---------------  T H R E A D  ---------------

Current thread (0x000000000169f800):  JavaThread "main" [_thread_in_native, id=7052, stack(0x0000000000030000,0x0000000001030000)]

siginfo: ExceptionCode=0xc0000005, reading address 0x0000000000000168

Registers:
EAX=0x0000000000000010, EBX=0x0000000000000000, ECX=0x0000000000000000, EDX=0x0000000037007c20
ESP=0x0000000001025708, EBP=0x0000000000000000, ESI=0x000000007953f85c, EDI=0x000000007953f85c
EIP=0x00000000794a7200, EFLAGS=0x0000000000010202

Top of Stack: (sp=0x0000000001025708)
0x0000000001025708:   00000000794bd9d6 0000000000000000
0x0000000001025718:   0000000000000000 000000007953f85c
0x0000000001025728:   0000000000000001 0000000000000000
0x0000000001025738:   0000000000000000 000000003cc528b0
0x0000000001025748:   0000000079448cdb 000000003c3c8e80
0x0000000001025758:   0000000000000000 0000000000000200
0x0000000001025768:   0000000000000000 000000000174ea30
0x0000000001025778:   000000007d4cdcad 0000000001748050
0x0000000001025788:   000000007ba7ee60 0000000000000001
0x0000000001025798:   000000003c112880 fffffffffffffffe
0x00000000010257a8:   000000003c1128d0 00000000ffffffff
0x00000000010257b8:   000000007c4ed1cc 0000000000000001
0x00000000010257c8:   0000000000000001 0000000000000200
0x00000000010257d8:   0000000000000000 00000000ffffffff
0x00000000010257e8:   000000007ad42403 3fd5a6de01a00203
0x00000000010257f8:   0000000001782ec0 0000000000000300 

Instructions: (pc=0x00000000794a7200)
0x00000000794a71f0:   48 8b 81 f0 01 00 00 c3 cc cc cc cc cc cc cc cc
0x00000000794a7200:   48 8b 81 68 01 00 00 c3 cc cc cc cc cc cc cc cc 


Stack: [0x0000000000030000,0x0000000001030000],  sp=0x0000000001025708,  free space=16341k
Native frames: (J=compiled Java code, j=interpreted, Vv=VM code, C=native code)
C  [hg.dll+0x3c7200]

[error occurred during error reporting (printing native stack), id 0xc0000005]

Java frames: (J=compiled Java code, j=interpreted, Vv=VM code)
j  com.mathworks.jmi.NativeMatlab.SendMatlabMessage(Ljava/lang/Object;)Ljava/lang/Object;+0
j  com.mathworks.jmi.NativeMatlab.sendMatlabMessage(Ljava/lang/Object;)Ljava/lang/Object;+22
j  com.mathworks.jmi.MatlabLooper.sendMatlabMessage(Lcom/mathworks/services/message/MWMessage;)Ljava/lang/Object;+20
j  com.mathworks.jmi.Matlab.mtFevalConsoleOutput(Ljava/lang/String;[Ljava/lang/Object;I)Ljava/lang/Object;+58
j  com.mathworks.mde.desk.MLDesktop$9.run()V+14
j  com.mathworks.jmi.NativeMatlab.dispatchMTRequests(Z)V+50
v  ~StubRoutines::call_stub

---------------  P R O C E S S  ---------------

Java Threads: ( => current thread )
  0x000000002b3d9000 JavaThread "Image Fetcher 0" daemon [_thread_blocked, id=7232, stack(0x000000002cae0000,0x000000002cb60000)]
  0x000000002b3d8000 JavaThread "Foxtrot Single Worker Thread #1" daemon [_thread_blocked, id=6340, stack(0x000000002ce60000,0x000000002cee0000)]
  0x000000002b3d4800 JavaThread "Active Reference Queue Daemon" daemon [_thread_blocked, id=2040, stack(0x000000002ca60000,0x000000002cae0000)]
  0x000000002b3d6c00 JavaThread "Timer-131" daemon [_thread_blocked, id=672, stack(0x000000002c9e0000,0x000000002ca60000)]
  0x000000002b3d5800 JavaThread "FelixPackageAdmin" daemon [_thread_blocked, id=3452, stack(0x000000002c540000,0x000000002c5c0000)]
  0x000000002b3d5000 JavaThread "FelixStartLevel" daemon [_thread_blocked, id=4388, stack(0x000000002a9b0000,0x000000002aa30000)]
  0x000000002b3d7400 JavaThread "FelixDispatchQueue" [_thread_blocked, id=6864, stack(0x000000000b730000,0x000000000b7b0000)]
  0x000000002b3d3400 JavaThread "Prefs Updater" daemon [_thread_blocked, id=6428, stack(0x000000002ebb0000,0x000000002ec30000)]
  0x000000002b3d3c00 JavaThread "Timer-11" daemon [_thread_blocked, id=4896, stack(0x000000002dab0000,0x000000002db30000)]
  0x000000002b29e000 JavaThread "Timer-1" [_thread_blocked, id=4764, stack(0x000000002c5c0000,0x000000002c640000)]
  0x0000000029bbfc00 JavaThread "TimerQueue" daemon [_thread_blocked, id=1248, stack(0x000000002c4c0000,0x000000002c540000)]
  0x000000002a548000 JavaThread "AWT-EventQueue-0" [_thread_blocked, id=2148, stack(0x000000002c340000,0x000000002c3c0000)]
  0x0000000029c84000 JavaThread "AWT-Shutdown" [_thread_blocked, id=6744, stack(0x000000002c110000,0x000000002c190000)]
  0x0000000025974800 JavaThread "AWT-Windows" daemon [_thread_in_native, id=3384, stack(0x000000002a930000,0x000000002a9b0000)]
  0x0000000025973800 JavaThread "Java2D Disposer" daemon [_thread_blocked, id=6408, stack(0x000000002a830000,0x000000002a8b0000)]
  0x0000000029be1c00 JavaThread "Timer-0" [_thread_blocked, id=6636, stack(0x0000000029fb0000,0x000000002a030000)]
  0x0000000025923400 JavaThread "JMI Unnamed Thread" [_thread_in_native, id=2164, stack(0x0000000005d50000,0x0000000006d50000)]
  0x0000000025829000 JavaThread "Low Memory Detector" daemon [_thread_blocked, id=3784, stack(0x0000000028b30000,0x0000000028bb0000)]
  0x0000000025827c00 JavaThread "CompilerThread1" daemon [_thread_blocked, id=3484, stack(0x0000000027b30000,0x0000000028b30000)]
  0x0000000025824000 JavaThread "CompilerThread0" daemon [_thread_blocked, id=5148, stack(0x0000000026b30000,0x0000000027b30000)]
  0x000000000160f800 JavaThread "Attach Listener" daemon [_thread_blocked, id=6820, stack(0x0000000026ab0000,0x0000000026b30000)]
  0x0000000025813400 JavaThread "Finalizer" daemon [_thread_blocked, id=5228, stack(0x0000000026a30000,0x0000000026ab0000)]
  0x0000000025812800 JavaThread "Reference Handler" daemon [_thread_blocked, id=7080, stack(0x00000000269b0000,0x0000000026a30000)]
=>0x000000000169f800 JavaThread "main" [_thread_in_native, id=7052, stack(0x0000000000030000,0x0000000001030000)]

Other Threads:
  0x0000000025811000 VMThread [stack: 0x00000000259b0000,0x00000000269b0000] [id=5988]
  0x000000002583a800 WatcherThread [stack: 0x0000000028bb0000,0x0000000029bb0000] [id=5328]

VM state:not at safepoint (normal execution)

VM Mutex/Monitor currently owned by a thread: None

Heap
 PSYoungGen      total 12736K, used 5384K [0x0000000020600000, 0x0000000021600000, 0x0000000023700000)
  eden space 9216K, 39% used [0x0000000020600000,0x000000002098a230,0x0000000020f00000)
  from space 3520K, 50% used [0x0000000020f00000,0x00000000210b8000,0x0000000021270000)
  to   space 3328K, 0% used [0x00000000212c0000,0x00000000212c0000,0x0000000021600000)
 PSOldGen        total 68608K, used 61867K [0x0000000017300000, 0x000000001b600000, 0x0000000020600000)
  object space 68608K, 90% used [0x0000000017300000,0x000000001af6ade8,0x000000001b600000)
 PSPermGen       total 100864K, used 53993K [0x000000000f300000, 0x0000000015580000, 0x0000000017300000)
  object space 100864K, 53% used [0x000000000f300000,0x00000000127ba6c0,0x0000000015580000)

Dynamic libraries:
0x0000000140000000 - 0x0000000140038000 	C:\Program Files\MATLAB\R2009b\bin\win64\matlab.exe
0x0000000077140000 - 0x00000000772e9000 	C:\Windows\SYSTEM32\ntdll.dll
0x0000000076b60000 - 0x0000000076c7f000 	C:\Windows\system32\kernel32.dll
0x000007fefd900000 - 0x000007fefd96c000 	C:\Windows\system32\KERNELBASE.dll
0x000000007cdb0000 - 0x000000007ceb9000 	C:\Program Files\MATLAB\R2009b\bin\win64\libut.dll
0x000007fefe2b0000 - 0x000007fefe2c7000 	C:\Windows\system32\imagehlp.dll
0x000007fefe210000 - 0x000007fefe2af000 	C:\Windows\system32\msvcrt.dll
0x0000000077310000 - 0x0000000077317000 	C:\Windows\system32\PSAPI.DLL
0x000000007d620000 - 0x000000007d648000 	C:\Program Files\MATLAB\R2009b\bin\win64\LIBEXPAT.dll
0x00000000708b0000 - 0x0000000070979000 	C:\Windows\WinSxS\amd64_microsoft.vc80.crt_1fc8b3b9a1e18e3b_8.0.50727.6195_none_88e41e092fab0294\MSVCR80.dll
0x000000007d320000 - 0x000000007d44c000 	C:\Program Files\MATLAB\R2009b\bin\win64\icuuc40.dll
0x000007feff0d0000 - 0x000007feff1ab000 	C:\Windows\system32\ADVAPI32.dll
0x000007feff430000 - 0x000007feff44f000 	C:\Windows\SYSTEM32\sechost.dll
0x000007fefdeb0000 - 0x000007fefdfdd000 	C:\Windows\system32\RPCRT4.dll
0x000000007c760000 - 0x000000007c763000 	C:\Program Files\MATLAB\R2009b\bin\win64\icudt40.dll
0x000000007c770000 - 0x000000007c780000 	C:\Program Files\MATLAB\R2009b\bin\win64\icuio40.dll
0x000000007ca60000 - 0x000000007cbb3000 	C:\Program Files\MATLAB\R2009b\bin\win64\icuin40.dll
0x00000000665b0000 - 0x00000000666b9000 	C:\Windows\WinSxS\amd64_microsoft.vc80.crt_1fc8b3b9a1e18e3b_8.0.50727.6195_none_88e41e092fab0294\MSVCP80.dll
0x0000000076a60000 - 0x0000000076b5a000 	C:\Windows\system32\USER32.dll
0x000007fefdc50000 - 0x000007fefdcb7000 	C:\Windows\system32\GDI32.dll
0x000007fefdea0000 - 0x000007fefdeae000 	C:\Windows\system32\LPK.dll
0x000007fefe0f0000 - 0x000007fefe1b9000 	C:\Windows\system32\USP10.dll
0x0000000078820000 - 0x0000000078890000 	C:\Program Files\MATLAB\R2009b\bin\win64\libmwfl.dll
0x000000007e820000 - 0x000000007e82f000 	C:\Program Files\MATLAB\R2009b\bin\win64\boost_date_time-vc80-mt-1_36.dll
0x000000007e800000 - 0x000000007e816000 	C:\Program Files\MATLAB\R2009b\bin\win64\boost_signals-vc80-mt-1_36.dll
0x000000007dae0000 - 0x000000007dae9000 	C:\Program Files\MATLAB\R2009b\bin\win64\boost_system-vc80-mt-1_36.dll
0x000000007c740000 - 0x000000007c751000 	C:\Program Files\MATLAB\R2009b\bin\win64\boost_thread-vc80-mt-1_36.dll
0x000000007cf70000 - 0x000000007d1e1000 	C:\Program Files\MATLAB\R2009b\bin\win64\libmwservices.dll
0x000000007cec0000 - 0x000000007cf6f000 	C:\Program Files\MATLAB\R2009b\bin\win64\libmx.dll
0x0000000079070000 - 0x0000000079087000 	C:\Program Files\MATLAB\R2009b\bin\win64\zlib1.dll
0x000000007d1f0000 - 0x000000007d318000 	C:\Program Files\MATLAB\R2009b\bin\win64\libmwmathutil.dll
0x000000007a660000 - 0x000000007a6b8000 	C:\Program Files\MATLAB\R2009b\bin\win64\mpath.dll
0x000000007d650000 - 0x000000007d6a1000 	C:\Program Files\MATLAB\R2009b\bin\win64\mlutil.dll
0x00000000787b0000 - 0x00000000787ee000 	C:\Program Files\MATLAB\R2009b\bin\win64\tbb.dll
0x000007fefa470000 - 0x000007fefa510000 	C:\Windows\WinSxS\amd64_microsoft.windows.common-controls_6595b64144ccf1df_5.82.7601.17514_none_a4d6a923711520a9\COMCTL32.dll
0x000007fefdbb0000 - 0x000007fefdc47000 	C:\Windows\system32\comdlg32.dll
0x000007feff3b0000 - 0x000007feff421000 	C:\Windows\system32\SHLWAPI.dll
0x000007fefe330000 - 0x000007feff0b8000 	C:\Windows\system32\SHELL32.dll
0x000007fefca10000 - 0x000007fefca26000 	C:\Windows\system32\NETAPI32.dll
0x000007fefca00000 - 0x000007fefca0c000 	C:\Windows\system32\netutils.dll
0x000007fefd370000 - 0x000007fefd393000 	C:\Windows\system32\srvcli.dll
0x000007fefc9e0000 - 0x000007fefc9f5000 	C:\Windows\system32\wkscli.dll
0x000007fefe1c0000 - 0x000007fefe20d000 	C:\Windows\system32\WS2_32.dll
0x000007feff0c0000 - 0x000007feff0c8000 	C:\Windows\system32\NSI.dll
0x000000007eaa0000 - 0x000000007eabd000 	C:\Program Files\MATLAB\R2009b\bin\win64\boost_filesystem-vc80-mt-1_36.dll
0x000000007acf0000 - 0x000000007ad87000 	C:\Program Files\MATLAB\R2009b\bin\win64\mcr.dll
0x000000007c780000 - 0x000000007c80c000 	C:\Program Files\MATLAB\R2009b\bin\win64\iqm.dll
0x000000007b440000 - 0x000000007bd40000 	C:\Program Files\MATLAB\R2009b\bin\win64\m_interpreter.dll
0x000000007c830000 - 0x000000007c840000 	C:\Program Files\MATLAB\R2009b\bin\win64\libmex.dll
0x000000007ab60000 - 0x000000007ac0b000 	C:\Program Files\MATLAB\R2009b\bin\win64\m_dispatcher.dll
0x000000007e720000 - 0x000000007e7ac000 	C:\Program Files\MATLAB\R2009b\bin\win64\xmlcore.dll
0x000000007a020000 - 0x000000007a2b5000 	C:\Program Files\MATLAB\R2009b\bin\win64\xerces-c_2_7.dll
0x000000007e980000 - 0x000000007ea71000 	C:\Program Files\MATLAB\R2009b\bin\win64\boost_regex-vc80-mt-1_36.dll
0x000000007aa00000 - 0x000000007aa91000 	C:\Program Files\MATLAB\R2009b\bin\win64\profiler.dll
0x000000007c8b0000 - 0x000000007c8da000 	C:\Program Files\MATLAB\R2009b\bin\win64\libmwmathrng.dll
0x0000000078fd0000 - 0x0000000078fea000 	C:\Program Files\MATLAB\R2009b\bin\win64\m_pcodeio.dll
0x000000007a610000 - 0x000000007a65d000 	C:\Program Files\MATLAB\R2009b\bin\win64\m_ir.dll
0x000000007ae40000 - 0x000000007b433000 	C:\Program Files\MATLAB\R2009b\bin\win64\m_parser.dll
0x000000007c810000 - 0x000000007c824000 	C:\Program Files\MATLAB\R2009b\bin\win64\ir_xfmr.dll
0x0000000078890000 - 0x0000000078b39000 	C:\Program Files\MATLAB\R2009b\bin\win64\mcos.dll
0x000000007c8f0000 - 0x000000007c8fc000 	C:\Program Files\MATLAB\R2009b\bin\win64\mtok.dll
0x0000000078fb0000 - 0x0000000078fd0000 	C:\Program Files\MATLAB\R2009b\bin\win64\m_pcodegen.dll
0x000007fef6260000 - 0x000007fef6385000 	C:\Windows\system32\dbghelp.dll
0x0000000078ec0000 - 0x0000000078ee4000 	C:\Program Files\MATLAB\R2009b\bin\win64\bridge.dll
0x000000007c3d0000 - 0x000000007c490000 	C:\Program Files\MATLAB\R2009b\bin\win64\udd.dll
0x000000007d450000 - 0x000000007d59d000 	C:\Program Files\MATLAB\R2009b\bin\win64\libmwgui.dll
0x00000000790e0000 - 0x000000007980b000 	C:\Program Files\MATLAB\R2009b\bin\win64\hg.dll
0x0000000078ef0000 - 0x0000000078f2c000 	C:\Program Files\MATLAB\R2009b\bin\win64\libmat.dll
0x000000007cbc0000 - 0x000000007cdae000 	C:\Program Files\MATLAB\R2009b\bin\win64\libhdf5.dll
0x000000007a550000 - 0x000000007a5af000 	C:\Program Files\MATLAB\R2009b\bin\win64\jmi.dll
0x000000007a490000 - 0x000000007a4d0000 	C:\Program Files\MATLAB\R2009b\bin\win64\libmwhardcopy.dll
0x000000007a5b0000 - 0x000000007a60a000 	C:\Program Files\MATLAB\R2009b\bin\win64\libuij.dll
0x0000000078680000 - 0x00000000787ab000 	C:\Program Files\MATLAB\R2009b\bin\win64\hgdatatypes.dll
0x0000000078630000 - 0x000000007867b000 	C:\Program Files\MATLAB\R2009b\bin\win64\hgutils.dll
0x0000000078f30000 - 0x0000000078fa5000 	C:\Program Files\MATLAB\R2009b\bin\win64\libmwlapack.dll
0x000000007c850000 - 0x000000007c863000 	C:\Program Files\MATLAB\R2009b\bin\win64\libmwbinder.dll
0x000000007c490000 - 0x000000007c73e000 	C:\Program Files\MATLAB\R2009b\bin\win64\uiw.dll
0x000000007c930000 - 0x000000007c93a000 	C:\Program Files\MATLAB\R2009b\bin\win64\uinone.dll
0x0000000061d10000 - 0x0000000061eac000 	C:\Windows\WinSxS\amd64_microsoft.vc80.mfc_1fc8b3b9a1e18e3b_8.0.50727.6195_none_8448b2bd328df189\MFC80.DLL
0x000007fefa3f0000 - 0x000007fefa461000 	C:\Windows\system32\WINSPOOL.DRV
0x000007fefd9a0000 - 0x000007fefdba3000 	C:\Windows\system32\ole32.dll
0x000007feff1b0000 - 0x000007feff287000 	C:\Windows\system32\OLEAUT32.dll
0x000000007ad90000 - 0x000000007ae3f000 	C:\Program Files\MATLAB\R2009b\bin\win64\udd_mi.dll
0x0000000078ff0000 - 0x0000000079008000 	C:\Program Files\MATLAB\R2009b\bin\win64\mwoles05.DLL
0x000000007a990000 - 0x000000007a9fa000 	C:\Program Files\MATLAB\R2009b\bin\win64\comcli.dll
0x000000006f7b0000 - 0x000000006f7d0000 	C:\Windows\WinSxS\amd64_microsoft.vc80.atl_1fc8b3b9a1e18e3b_8.0.50727.6195_none_8a1dd9552ed7f8d8\ATL80.DLL
0x000000007c8e0000 - 0x000000007c8ee000 	C:\Program Files\MATLAB\R2009b\bin\win64\mlautoregister.dll
0x000007fefd970000 - 0x000007fefd99e000 	C:\Windows\system32\IMM32.DLL
0x000007fefdfe0000 - 0x000007fefe0e9000 	C:\Windows\system32\MSCTF.dll
0x000000006f840000 - 0x000000006f84d000 	C:\Windows\WinSxS\amd64_microsoft.vc80.mfcloc_1fc8b3b9a1e18e3b_8.0.50727.6195_none_bc20f59b0bdd1acd\MFC80ENU.DLL
0x000007fefbef0000 - 0x000007fefbf46000 	C:\Windows\system32\uxtheme.dll
0x000007fefd5a0000 - 0x000007fefd5af000 	C:\Windows\system32\profapi.dll
0x000007fef9f50000 - 0x000007fef9f77000 	C:\Windows\system32\iphlpapi.dll
0x000007fef9f30000 - 0x000007fef9f3b000 	C:\Windows\system32\WINNSI.DLL
0x000007fefcc90000 - 0x000007fefcceb000 	C:\Windows\system32\DNSAPI.dll
0x000007fef9590000 - 0x000007fef95a8000 	C:\Windows\system32\dhcpcsvc.DLL
0x000007fef9570000 - 0x000007fef9581000 	C:\Windows\system32\dhcpcsvc6.DLL
0x000000006f7a0000 - 0x000000006f7a3000 	C:\Windows\system32\icmp.Dll
0x000007fefd4d0000 - 0x000007fefd4df000 	C:\Windows\system32\CRYPTBASE.dll
0x000007fefbac0000 - 0x000007fefbad8000 	C:\Windows\system32\dwmapi.dll
0x000000006d7f0000 - 0x000000006dda8000 	C:\Program Files\MATLAB\R2009b\sys\java\jre\win64\jre\bin\server\jvm.dll
0x000007fefa3b0000 - 0x000007fefa3eb000 	C:\Windows\system32\WINMM.dll
0x000000007ab10000 - 0x000000007ab1a000 	C:\Program Files\MATLAB\R2009b\sys\java\jre\win64\jre\bin\hpi.dll
0x000007feff290000 - 0x000007feff329000 	C:\Windows\system32\CLBCatQ.DLL
0x000000007ab30000 - 0x000000007ab3e000 	C:\Program Files\MATLAB\R2009b\sys\java\jre\win64\jre\bin\verify.dll
0x0000000079090000 - 0x00000000790b7000 	C:\Program Files\MATLAB\R2009b\sys\java\jre\win64\jre\bin\java.dll
0x000000007ab40000 - 0x000000007ab52000 	C:\Program Files\MATLAB\R2009b\sys\java\jre\win64\jre\bin\zip.dll
0x0000000079010000 - 0x0000000079032000 	C:\Program Files\MATLAB\R2009b\bin\win64\nativejava.dll
0x0000000079040000 - 0x000000007906b000 	C:\Program Files\MATLAB\R2009b\bin\win64\nativejmi.dll
0x000000007c920000 - 0x000000007c927000 	C:\Program Files\MATLAB\R2009b\bin\win64\nativeservices.dll
0x000000007a2c0000 - 0x000000007a482000 	C:\Program Files\MATLAB\R2009b\sys\java\jre\win64\jre\bin\awt.dll
0x000000007ac10000 - 0x000000007ac7b000 	C:\Program Files\MATLAB\R2009b\sys\java\jre\win64\jre\bin\fontmanager.dll
0x00000000790c0000 - 0x00000000790d7000 	C:\Program Files\MATLAB\R2009b\sys\java\jre\win64\jre\bin\net.dll
0x000007fefce10000 - 0x000007fefce65000 	C:\Windows\system32\mswsock.dll
0x000007fefce00000 - 0x000007fefce07000 	C:\Windows\System32\wship6.dll
0x000000007ab20000 - 0x000000007ab2b000 	C:\Program Files\MATLAB\R2009b\sys\java\jre\win64\jre\bin\nio.dll
0x000007fefce70000 - 0x000007fefce87000 	C:\Windows\system32\CRYPTSP.dll
0x000007fefcb70000 - 0x000007fefcbb7000 	C:\Windows\system32\rsaenh.dll
0x000007fefc7b0000 - 0x000007fefc7ce000 	C:\Windows\system32\USERENV.dll
0x000007fefa910000 - 0x000007fefa925000 	C:\Windows\system32\NLAapi.dll
0x000007fefc0b0000 - 0x000007fefc0c5000 	C:\Windows\system32\napinsp.dll
0x000007fefbb60000 - 0x000007fefbb79000 	C:\Windows\system32\pnrpnsp.dll
0x0000000074030000 - 0x000000007405e000 	C:\Program Files\Common Files\Microsoft Shared\Windows Live\WLIDNSP.DLL
0x000007fefc2d0000 - 0x000007fefc2db000 	C:\Windows\System32\winrnr.dll
0x0000000074000000 - 0x0000000074026000 	C:\Program Files\Bonjour\mdnsNSP.dll
0x000007fefc690000 - 0x000007fefc697000 	C:\Windows\System32\wshtcpip.dll
0x000007fef71c0000 - 0x000007fef71c8000 	C:\Windows\system32\rasadhlp.dll
0x000007fef9930000 - 0x000007fef9983000 	C:\Windows\System32\fwpuclnt.dll

VM Arguments:
jvm_args: -Xss512k -XX:PermSize=32m -Xms64m -XX:NewRatio=3 -XX:MaxPermSize=128m -Xmx196m -XX:MaxDirectMemorySize=2147400000 -Dsun.java2d.noddraw=true -Dsun.awt.nopixfmt=true -Xshare:off -Xrs -Djava.library.path=C:\Program Files\MATLAB\R2009b\bin\win64 vfprintf abort 
java_command: <unknown>
Launcher Type: generic

Environment Variables:
CLASSPATH=.;C:\Program Files (x86)\Java\jre6\lib\ext\QTJava.zip
PATH=C:\Program Files (x86)\NVIDIA Corporation\PhysX\Common;C:\Program Files (x86)\RSA SecurID Token Common;C:\Program Files (x86)\AMD APP\bin\x86_64;C:\Program Files (x86)\AMD APP\bin\x86;C:\Users\Benjamin\Documents\AMD APP\bin\x86_64;C:\Users\Benjamin\Documents\AMD APP\bin\x86;C:\Program Files\Java\jdk1.6.0_21\bin; C:\Program Files\Java\jre6\bin;C:\Program Files (x86)\AMD APP\Tools\AMD APP KernelAnalyzer 1.8\;C:\Program Files (x86)\QuickTime\QTSystem\;C:\Program Files\Common Files\Microsoft Shared\Windows Live
USERNAME=Benjamin
OS=Windows_NT
PROCESSOR_IDENTIFIER=Intel64 Family 6 Model 23 Stepping 10, GenuineIntel



---------------  S Y S T E M  ---------------

OS: Windows NT 6.1 Build 7601 Service Pack 1

CPU:total 2 (2 cores per cpu, 1 threads per core) family 6 model 7 stepping 10, cmov, cx8, fxsr, mmx, sse, sse2, sse3, ssse3

Memory: 4k page, physical 4092744k(1416588k free), swap 8183640k(4950528k free)

vm_info: Java HotSpot(TM) 64-Bit Server VM (11.2-b01) for windows-amd64 JRE (1.6.0_12-b04), built on Jan 17 2009 01:49:05 by "java_re" with MS VC++ 8.0

time: Sun Dec 04 17:19:14 2011
elapsed time: 8012 seconds

